[2012-04-27T00:10:28+08:00] UCD_ERROR (10): [Error code] => 1; [File] => "D:\Program_Files\Zend\ZendServer\Apache2\htdocs\secondZend\application\models\entities\User.php(41)"; [Message] => "Wrong inputs!"; [Trace] => #0 D:\Program_Files\Zend\ZendServer\Apache2\htdocs\secondZend\application\models\base\BaseEntity.php(7): models\entities\User->_validate()
#1 D:\Program_Files\Zend\ZendServer\Apache2\htdocs\secondZend\application\models\shared\data\DatabaseService.php(62): models\base\BaseEntity->validate()
#2 D:\Program_Files\Zend\ZendServer\Apache2\htdocs\secondZend\application\models\shared\data\DatabaseService.php(49): models\shared\data\DatabaseService->persist(Object(models\entities\User))
#3 D:\Program_Files\Zend\ZendServer\Apache2\htdocs\secondZend\tests\auto\UserServiceTest.php(15): models\shared\data\DatabaseService->save(Object(models\entities\User))
#4 C:\Users\Eric\AppData\Local\Temp\dummy.php(1): include('D:\Program_File...')
#5 {main}
[2012-04-27T00:31:40+08:00] UCD_ERROR (10): exception 'Zend_Controller_Dispatcher_Exception' with message 'Invalid controller class ("IndexController")' in D:\Program_Files\Zend\ZendServer\ZendServer\share\ZendFramework\library\Zend\Controller\Dispatcher\Standard.php:352
Stack trace:
#0 D:\Program_Files\Zend\ZendServer\ZendServer\share\ZendFramework\library\Zend\Controller\Dispatcher\Standard.php(262): Zend_Controller_Dispatcher_Standard->loadClass('IndexController')
#1 D:\Program_Files\Zend\ZendServer\ZendServer\share\ZendFramework\library\Zend\Controller\Front.php(954): Zend_Controller_Dispatcher_Standard->dispatch(Object(Zend_Controller_Request_Http), Object(Zend_Controller_Response_Http))
#2 D:\Program_Files\Zend\ZendServer\ZendServer\share\ZendFramework\library\Zend\Application\Bootstrap\Bootstrap.php(97): Zend_Controller_Front->dispatch()
#3 D:\Program_Files\Zend\ZendServer\ZendServer\share\ZendFramework\library\Zend\Application.php(366): Zend_Application_Bootstrap_Bootstrap->run()
#4 D:\Program_Files\Zend\ZendServer\Apache2\htdocs\secondZend\public\index.php(29): Zend_Application->run()
#5 {main}
[2012-04-27T00:32:31+08:00] UCD_ERROR (10): exception 'Zend_Controller_Dispatcher_Exception' with message 'Invalid controller class ("IndexController")' in D:\Program_Files\Zend\ZendServer\ZendServer\share\ZendFramework\library\Zend\Controller\Dispatcher\Standard.php:352
Stack trace:
#0 D:\Program_Files\Zend\ZendServer\ZendServer\share\ZendFramework\library\Zend\Controller\Dispatcher\Standard.php(262): Zend_Controller_Dispatcher_Standard->loadClass('IndexController')
#1 D:\Program_Files\Zend\ZendServer\ZendServer\share\ZendFramework\library\Zend\Controller\Front.php(954): Zend_Controller_Dispatcher_Standard->dispatch(Object(Zend_Controller_Request_Http), Object(Zend_Controller_Response_Http))
#2 D:\Program_Files\Zend\ZendServer\ZendServer\share\ZendFramework\library\Zend\Application\Bootstrap\Bootstrap.php(97): Zend_Controller_Front->dispatch()
#3 D:\Program_Files\Zend\ZendServer\ZendServer\share\ZendFramework\library\Zend\Application.php(366): Zend_Application_Bootstrap_Bootstrap->run()
#4 D:\Program_Files\Zend\ZendServer\Apache2\htdocs\secondZend\public\index.php(29): Zend_Application->run()
#5 {main}
[2012-04-27T00:32:45+08:00] UCD_ERROR (10): exception 'Zend_Controller_Dispatcher_Exception' with message 'Invalid controller class ("IndexController")' in D:\Program_Files\Zend\ZendServer\ZendServer\share\ZendFramework\library\Zend\Controller\Dispatcher\Standard.php:352
Stack trace:
#0 D:\Program_Files\Zend\ZendServer\ZendServer\share\ZendFramework\library\Zend\Controller\Dispatcher\Standard.php(262): Zend_Controller_Dispatcher_Standard->loadClass('IndexController')
#1 D:\Program_Files\Zend\ZendServer\ZendServer\share\ZendFramework\library\Zend\Controller\Front.php(954): Zend_Controller_Dispatcher_Standard->dispatch(Object(Zend_Controller_Request_Http), Object(Zend_Controller_Response_Http))
#2 D:\Program_Files\Zend\ZendServer\ZendServer\share\ZendFramework\library\Zend\Application\Bootstrap\Bootstrap.php(97): Zend_Controller_Front->dispatch()
#3 D:\Program_Files\Zend\ZendServer\ZendServer\share\ZendFramework\library\Zend\Application.php(366): Zend_Application_Bootstrap_Bootstrap->run()
#4 D:\Program_Files\Zend\ZendServer\Apache2\htdocs\secondZend\public\index.php(29): Zend_Application->run()
#5 {main}
[2012-04-27T00:34:28+08:00] UCD_ERROR (10): exception 'Zend_Controller_Dispatcher_Exception' with message 'Invalid controller specified (home)' in D:\Program_Files\Zend\ZendServer\ZendServer\share\ZendFramework\library\Zend\Controller\Dispatcher\Standard.php:248
Stack trace:
#0 D:\Program_Files\Zend\ZendServer\ZendServer\share\ZendFramework\library\Zend\Controller\Front.php(954): Zend_Controller_Dispatcher_Standard->dispatch(Object(Zend_Controller_Request_Http), Object(Zend_Controller_Response_Http))
#1 D:\Program_Files\Zend\ZendServer\ZendServer\share\ZendFramework\library\Zend\Application\Bootstrap\Bootstrap.php(97): Zend_Controller_Front->dispatch()
#2 D:\Program_Files\Zend\ZendServer\ZendServer\share\ZendFramework\library\Zend\Application.php(366): Zend_Application_Bootstrap_Bootstrap->run()
#3 D:\Program_Files\Zend\ZendServer\Apache2\htdocs\secondZend\public\index.php(29): Zend_Application->run()
#4 {main}
[2012-04-27T00:35:19+08:00] UCD_ERROR (10): exception 'Zend_Controller_Dispatcher_Exception' with message 'Invalid controller specified (home)' in D:\Program_Files\Zend\ZendServer\ZendServer\share\ZendFramework\library\Zend\Controller\Dispatcher\Standard.php:248
Stack trace:
#0 D:\Program_Files\Zend\ZendServer\ZendServer\share\ZendFramework\library\Zend\Controller\Front.php(954): Zend_Controller_Dispatcher_Standard->dispatch(Object(Zend_Controller_Request_Http), Object(Zend_Controller_Response_Http))
#1 D:\Program_Files\Zend\ZendServer\ZendServer\share\ZendFramework\library\Zend\Application\Bootstrap\Bootstrap.php(97): Zend_Controller_Front->dispatch()
#2 D:\Program_Files\Zend\ZendServer\ZendServer\share\ZendFramework\library\Zend\Application.php(366): Zend_Application_Bootstrap_Bootstrap->run()
#3 D:\Program_Files\Zend\ZendServer\Apache2\htdocs\secondZend\public\index.php(29): Zend_Application->run()
#4 {main}
[2012-04-27T00:36:56+08:00] UCD_ERROR (10): exception 'Zend_Controller_Dispatcher_Exception' with message 'Invalid controller specified (home)' in D:\Program_Files\Zend\ZendServer\ZendServer\share\ZendFramework\library\Zend\Controller\Dispatcher\Standard.php:248
Stack trace:
#0 D:\Program_Files\Zend\ZendServer\ZendServer\share\ZendFramework\library\Zend\Controller\Front.php(954): Zend_Controller_Dispatcher_Standard->dispatch(Object(Zend_Controller_Request_Http), Object(Zend_Controller_Response_Http))
#1 D:\Program_Files\Zend\ZendServer\ZendServer\share\ZendFramework\library\Zend\Application\Bootstrap\Bootstrap.php(97): Zend_Controller_Front->dispatch()
#2 D:\Program_Files\Zend\ZendServer\ZendServer\share\ZendFramework\library\Zend\Application.php(366): Zend_Application_Bootstrap_Bootstrap->run()
#3 D:\Program_Files\Zend\ZendServer\Apache2\htdocs\secondZend\public\index.php(29): Zend_Application->run()
#4 {main}
[2012-04-27T00:36:57+08:00] UCD_ERROR (10): exception 'Zend_Controller_Dispatcher_Exception' with message 'Invalid controller specified (home)' in D:\Program_Files\Zend\ZendServer\ZendServer\share\ZendFramework\library\Zend\Controller\Dispatcher\Standard.php:248
Stack trace:
#0 D:\Program_Files\Zend\ZendServer\ZendServer\share\ZendFramework\library\Zend\Controller\Front.php(954): Zend_Controller_Dispatcher_Standard->dispatch(Object(Zend_Controller_Request_Http), Object(Zend_Controller_Response_Http))
#1 D:\Program_Files\Zend\ZendServer\ZendServer\share\ZendFramework\library\Zend\Application\Bootstrap\Bootstrap.php(97): Zend_Controller_Front->dispatch()
#2 D:\Program_Files\Zend\ZendServer\ZendServer\share\ZendFramework\library\Zend\Application.php(366): Zend_Application_Bootstrap_Bootstrap->run()
#3 D:\Program_Files\Zend\ZendServer\Apache2\htdocs\secondZend\public\index.php(29): Zend_Application->run()
#4 {main}
[2012-04-27T00:37:40+08:00] UCD_ERROR (10): exception 'Zend_Controller_Dispatcher_Exception' with message 'Invalid controller specified (home)' in D:\Program_Files\Zend\ZendServer\ZendServer\share\ZendFramework\library\Zend\Controller\Dispatcher\Standard.php:248
Stack trace:
#0 D:\Program_Files\Zend\ZendServer\ZendServer\share\ZendFramework\library\Zend\Controller\Front.php(954): Zend_Controller_Dispatcher_Standard->dispatch(Object(Zend_Controller_Request_Http), Object(Zend_Controller_Response_Http))
#1 D:\Program_Files\Zend\ZendServer\ZendServer\share\ZendFramework\library\Zend\Application\Bootstrap\Bootstrap.php(97): Zend_Controller_Front->dispatch()
#2 D:\Program_Files\Zend\ZendServer\ZendServer\share\ZendFramework\library\Zend\Application.php(366): Zend_Application_Bootstrap_Bootstrap->run()
#3 D:\Program_Files\Zend\ZendServer\Apache2\htdocs\secondZend\public\index.php(29): Zend_Application->run()
#4 {main}
[2012-04-27T00:38:50+08:00] UCD_ERROR (10): exception 'Zend_Controller_Dispatcher_Exception' with message 'Invalid controller class ("IndexController")' in D:\Program_Files\Zend\ZendServer\ZendServer\share\ZendFramework\library\Zend\Controller\Dispatcher\Standard.php:352
Stack trace:
#0 D:\Program_Files\Zend\ZendServer\ZendServer\share\ZendFramework\library\Zend\Controller\Dispatcher\Standard.php(262): Zend_Controller_Dispatcher_Standard->loadClass('IndexController')
#1 D:\Program_Files\Zend\ZendServer\ZendServer\share\ZendFramework\library\Zend\Controller\Front.php(954): Zend_Controller_Dispatcher_Standard->dispatch(Object(Zend_Controller_Request_Http), Object(Zend_Controller_Response_Http))
#2 D:\Program_Files\Zend\ZendServer\ZendServer\share\ZendFramework\library\Zend\Application\Bootstrap\Bootstrap.php(97): Zend_Controller_Front->dispatch()
#3 D:\Program_Files\Zend\ZendServer\ZendServer\share\ZendFramework\library\Zend\Application.php(366): Zend_Application_Bootstrap_Bootstrap->run()
#4 D:\Program_Files\Zend\ZendServer\Apache2\htdocs\secondZend\public\index.php(29): Zend_Application->run()
#5 {main}
[2012-04-27T00:39:52+08:00] UCD_ERROR (10): exception 'Zend_Controller_Dispatcher_Exception' with message 'Invalid controller class ("IndexController")' in D:\Program_Files\Zend\ZendServer\ZendServer\share\ZendFramework\library\Zend\Controller\Dispatcher\Standard.php:352
Stack trace:
#0 D:\Program_Files\Zend\ZendServer\ZendServer\share\ZendFramework\library\Zend\Controller\Dispatcher\Standard.php(262): Zend_Controller_Dispatcher_Standard->loadClass('IndexController')
#1 D:\Program_Files\Zend\ZendServer\ZendServer\share\ZendFramework\library\Zend\Controller\Front.php(954): Zend_Controller_Dispatcher_Standard->dispatch(Object(Zend_Controller_Request_Http), Object(Zend_Controller_Response_Http))
#2 D:\Program_Files\Zend\ZendServer\ZendServer\share\ZendFramework\library\Zend\Application\Bootstrap\Bootstrap.php(97): Zend_Controller_Front->dispatch()
#3 D:\Program_Files\Zend\ZendServer\ZendServer\share\ZendFramework\library\Zend\Application.php(366): Zend_Application_Bootstrap_Bootstrap->run()
#4 D:\Program_Files\Zend\ZendServer\Apache2\htdocs\secondZend\public\index.php(29): Zend_Application->run()
#5 {main}
[2012-04-27T00:41:44+08:00] UCD_ERROR (10): [Error code] => 1; [File] => "D:\Program_Files\Zend\ZendServer\Apache2\htdocs\secondZend\application\models\shared\Factory.php(24)"; [Message] => "IdentityService is not mapped to a class."; [Trace] => #0 D:\Program_Files\Zend\ZendServer\Apache2\htdocs\secondZend\application\controllers\IndexController.php(16): models\shared\BaseFactory::create('IdentityService')
#1 D:\Program_Files\Zend\ZendServer\ZendServer\share\ZendFramework\library\Zend\Controller\Action.php(133): IndexController->init()
#2 D:\Program_Files\Zend\ZendServer\ZendServer\share\ZendFramework\library\Zend\Controller\Dispatcher\Standard.php(268): Zend_Controller_Action->__construct(Object(Zend_Controller_Request_Http), Object(Zend_Controller_Response_Http), Array)
#3 D:\Program_Files\Zend\ZendServer\ZendServer\share\ZendFramework\library\Zend\Controller\Front.php(954): Zend_Controller_Dispatcher_Standard->dispatch(Object(Zend_Controller_Request_Http), Object(Zend_Controller_Response_Http))
#4 D:\Program_Files\Zend\ZendServer\ZendServer\share\ZendFramework\library\Zend\Application\Bootstrap\Bootstrap.php(97): Zend_Controller_Front->dispatch()
#5 D:\Program_Files\Zend\ZendServer\ZendServer\share\ZendFramework\library\Zend\Application.php(366): Zend_Application_Bootstrap_Bootstrap->run()
#6 D:\Program_Files\Zend\ZendServer\Apache2\htdocs\secondZend\public\index.php(29): Zend_Application->run()
#7 {main}
[2012-04-27T00:41:44+08:00] UCD_FATAL (1): exception 'exceptions\UcdException' with message 'IdentityService is not mapped to a class.' in D:\Program_Files\Zend\ZendServer\Apache2\htdocs\secondZend\application\models\shared\Factory.php:24
Stack trace:
#0 D:\Program_Files\Zend\ZendServer\Apache2\htdocs\secondZend\application\controllers\IndexController.php(16): models\shared\BaseFactory::create('IdentityService')
#1 D:\Program_Files\Zend\ZendServer\ZendServer\share\ZendFramework\library\Zend\Controller\Action.php(133): IndexController->init()
#2 D:\Program_Files\Zend\ZendServer\ZendServer\share\ZendFramework\library\Zend\Controller\Dispatcher\Standard.php(268): Zend_Controller_Action->__construct(Object(Zend_Controller_Request_Http), Object(Zend_Controller_Response_Http), Array)
#3 D:\Program_Files\Zend\ZendServer\ZendServer\share\ZendFramework\library\Zend\Controller\Front.php(954): Zend_Controller_Dispatcher_Standard->dispatch(Object(Zend_Controller_Request_Http), Object(Zend_Controller_Response_Http))
#4 D:\Program_Files\Zend\ZendServer\ZendServer\share\ZendFramework\library\Zend\Application\Bootstrap\Bootstrap.php(97): Zend_Controller_Front->dispatch()
#5 D:\Program_Files\Zend\ZendServer\ZendServer\share\ZendFramework\library\Zend\Application.php(366): Zend_Application_Bootstrap_Bootstrap->run()
#6 D:\Program_Files\Zend\ZendServer\Apache2\htdocs\secondZend\public\index.php(29): Zend_Application->run()
#7 {main}
[2012-04-27T00:42:37+08:00] UCD_ERROR (10): [Error code] => 1; [File] => "D:\Program_Files\Zend\ZendServer\Apache2\htdocs\secondZend\application\models\shared\Factory.php(24)"; [Message] => "IdentityService is not mapped to a class."; [Trace] => #0 D:\Program_Files\Zend\ZendServer\Apache2\htdocs\secondZend\application\controllers\IndexController.php(15): models\shared\BaseFactory::create('IdentityService')
#1 D:\Program_Files\Zend\ZendServer\ZendServer\share\ZendFramework\library\Zend\Controller\Action.php(133): IndexController->init()
#2 D:\Program_Files\Zend\ZendServer\ZendServer\share\ZendFramework\library\Zend\Controller\Dispatcher\Standard.php(268): Zend_Controller_Action->__construct(Object(Zend_Controller_Request_Http), Object(Zend_Controller_Response_Http), Array)
#3 D:\Program_Files\Zend\ZendServer\ZendServer\share\ZendFramework\library\Zend\Controller\Front.php(954): Zend_Controller_Dispatcher_Standard->dispatch(Object(Zend_Controller_Request_Http), Object(Zend_Controller_Response_Http))
#4 D:\Program_Files\Zend\ZendServer\ZendServer\share\ZendFramework\library\Zend\Application\Bootstrap\Bootstrap.php(97): Zend_Controller_Front->dispatch()
#5 D:\Program_Files\Zend\ZendServer\ZendServer\share\ZendFramework\library\Zend\Application.php(366): Zend_Application_Bootstrap_Bootstrap->run()
#6 D:\Program_Files\Zend\ZendServer\Apache2\htdocs\secondZend\public\index.php(29): Zend_Application->run()
#7 {main}
[2012-04-27T00:42:38+08:00] UCD_ERROR (10): [Error code] => 1; [File] => "D:\Program_Files\Zend\ZendServer\Apache2\htdocs\secondZend\application\models\shared\Factory.php(24)"; [Message] => "IdentityService is not mapped to a class."; [Trace] => #0 D:\Program_Files\Zend\ZendServer\Apache2\htdocs\secondZend\application\controllers\IndexController.php(15): models\shared\BaseFactory::create('IdentityService')
#1 D:\Program_Files\Zend\ZendServer\ZendServer\share\ZendFramework\library\Zend\Controller\Action.php(133): IndexController->init()
#2 D:\Program_Files\Zend\ZendServer\ZendServer\share\ZendFramework\library\Zend\Controller\Dispatcher\Standard.php(268): Zend_Controller_Action->__construct(Object(Zend_Controller_Request_Http), Object(Zend_Controller_Response_Http), Array)
#3 D:\Program_Files\Zend\ZendServer\ZendServer\share\ZendFramework\library\Zend\Controller\Front.php(954): Zend_Controller_Dispatcher_Standard->dispatch(Object(Zend_Controller_Request_Http), Object(Zend_Controller_Response_Http))
#4 D:\Program_Files\Zend\ZendServer\ZendServer\share\ZendFramework\library\Zend\Application\Bootstrap\Bootstrap.php(97): Zend_Controller_Front->dispatch()
#5 D:\Program_Files\Zend\ZendServer\ZendServer\share\ZendFramework\library\Zend\Application.php(366): Zend_Application_Bootstrap_Bootstrap->run()
#6 D:\Program_Files\Zend\ZendServer\Apache2\htdocs\secondZend\public\index.php(29): Zend_Application->run()
#7 {main}
[2012-04-27T00:42:57+08:00] UCD_ERROR (10): [Error code] => 1; [File] => "D:\Program_Files\Zend\ZendServer\Apache2\htdocs\secondZend\application\models\shared\Factory.php(24)"; [Message] => "IdentityService is not mapped to a class."; [Trace] => #0 D:\Program_Files\Zend\ZendServer\Apache2\htdocs\secondZend\application\controllers\IndexController.php(15): models\shared\BaseFactory::create('IdentityService')
#1 D:\Program_Files\Zend\ZendServer\ZendServer\share\ZendFramework\library\Zend\Controller\Action.php(133): IndexController->init()
#2 D:\Program_Files\Zend\ZendServer\ZendServer\share\ZendFramework\library\Zend\Controller\Dispatcher\Standard.php(268): Zend_Controller_Action->__construct(Object(Zend_Controller_Request_Http), Object(Zend_Controller_Response_Http), Array)
#3 D:\Program_Files\Zend\ZendServer\ZendServer\share\ZendFramework\library\Zend\Controller\Front.php(954): Zend_Controller_Dispatcher_Standard->dispatch(Object(Zend_Controller_Request_Http), Object(Zend_Controller_Response_Http))
#4 D:\Program_Files\Zend\ZendServer\ZendServer\share\ZendFramework\library\Zend\Application\Bootstrap\Bootstrap.php(97): Zend_Controller_Front->dispatch()
#5 D:\Program_Files\Zend\ZendServer\ZendServer\share\ZendFramework\library\Zend\Application.php(366): Zend_Application_Bootstrap_Bootstrap->run()
#6 D:\Program_Files\Zend\ZendServer\Apache2\htdocs\secondZend\public\index.php(29): Zend_Application->run()
#7 {main}
[2012-04-27T00:42:58+08:00] UCD_ERROR (10): [Error code] => 1; [File] => "D:\Program_Files\Zend\ZendServer\Apache2\htdocs\secondZend\application\models\shared\Factory.php(24)"; [Message] => "IdentityService is not mapped to a class."; [Trace] => #0 D:\Program_Files\Zend\ZendServer\Apache2\htdocs\secondZend\application\controllers\IndexController.php(15): models\shared\BaseFactory::create('IdentityService')
#1 D:\Program_Files\Zend\ZendServer\ZendServer\share\ZendFramework\library\Zend\Controller\Action.php(133): IndexController->init()
#2 D:\Program_Files\Zend\ZendServer\ZendServer\share\ZendFramework\library\Zend\Controller\Dispatcher\Standard.php(268): Zend_Controller_Action->__construct(Object(Zend_Controller_Request_Http), Object(Zend_Controller_Response_Http), Array)
#3 D:\Program_Files\Zend\ZendServer\ZendServer\share\ZendFramework\library\Zend\Controller\Front.php(954): Zend_Controller_Dispatcher_Standard->dispatch(Object(Zend_Controller_Request_Http), Object(Zend_Controller_Response_Http))
#4 D:\Program_Files\Zend\ZendServer\ZendServer\share\ZendFramework\library\Zend\Application\Bootstrap\Bootstrap.php(97): Zend_Controller_Front->dispatch()
#5 D:\Program_Files\Zend\ZendServer\ZendServer\share\ZendFramework\library\Zend\Application.php(366): Zend_Application_Bootstrap_Bootstrap->run()
#6 D:\Program_Files\Zend\ZendServer\Apache2\htdocs\secondZend\public\index.php(29): Zend_Application->run()
#7 {main}
[2012-04-27T00:43:27+08:00] UCD_ERROR (10): [Error code] => 1; [File] => "D:\Program_Files\Zend\ZendServer\Apache2\htdocs\secondZend\application\models\shared\Factory.php(24)"; [Message] => "IdentityService is not mapped to a class."; [Trace] => #0 D:\Program_Files\Zend\ZendServer\Apache2\htdocs\secondZend\application\controllers\IndexController.php(15): models\shared\BaseFactory::create('IdentityService')
#1 D:\Program_Files\Zend\ZendServer\ZendServer\share\ZendFramework\library\Zend\Controller\Action.php(133): IndexController->init()
#2 D:\Program_Files\Zend\ZendServer\ZendServer\share\ZendFramework\library\Zend\Controller\Dispatcher\Standard.php(268): Zend_Controller_Action->__construct(Object(Zend_Controller_Request_Http), Object(Zend_Controller_Response_Http), Array)
#3 D:\Program_Files\Zend\ZendServer\ZendServer\share\ZendFramework\library\Zend\Controller\Front.php(954): Zend_Controller_Dispatcher_Standard->dispatch(Object(Zend_Controller_Request_Http), Object(Zend_Controller_Response_Http))
#4 D:\Program_Files\Zend\ZendServer\ZendServer\share\ZendFramework\library\Zend\Application\Bootstrap\Bootstrap.php(97): Zend_Controller_Front->dispatch()
#5 D:\Program_Files\Zend\ZendServer\ZendServer\share\ZendFramework\library\Zend\Application.php(366): Zend_Application_Bootstrap_Bootstrap->run()
#6 D:\Program_Files\Zend\ZendServer\Apache2\htdocs\secondZend\public\index.php(29): Zend_Application->run()
#7 {main}
[2012-04-27T00:43:27+08:00] UCD_FATAL (1): exception 'exceptions\UcdException' with message 'IdentityService is not mapped to a class.' in D:\Program_Files\Zend\ZendServer\Apache2\htdocs\secondZend\application\models\shared\Factory.php:24
Stack trace:
#0 D:\Program_Files\Zend\ZendServer\Apache2\htdocs\secondZend\application\controllers\IndexController.php(15): models\shared\BaseFactory::create('IdentityService')
#1 D:\Program_Files\Zend\ZendServer\ZendServer\share\ZendFramework\library\Zend\Controller\Action.php(133): IndexController->init()
#2 D:\Program_Files\Zend\ZendServer\ZendServer\share\ZendFramework\library\Zend\Controller\Dispatcher\Standard.php(268): Zend_Controller_Action->__construct(Object(Zend_Controller_Request_Http), Object(Zend_Controller_Response_Http), Array)
#3 D:\Program_Files\Zend\ZendServer\ZendServer\share\ZendFramework\library\Zend\Controller\Front.php(954): Zend_Controller_Dispatcher_Standard->dispatch(Object(Zend_Controller_Request_Http), Object(Zend_Controller_Response_Http))
#4 D:\Program_Files\Zend\ZendServer\ZendServer\share\ZendFramework\library\Zend\Application\Bootstrap\Bootstrap.php(97): Zend_Controller_Front->dispatch()
#5 D:\Program_Files\Zend\ZendServer\ZendServer\share\ZendFramework\library\Zend\Application.php(366): Zend_Application_Bootstrap_Bootstrap->run()
#6 D:\Program_Files\Zend\ZendServer\Apache2\htdocs\secondZend\public\index.php(29): Zend_Application->run()
#7 {main}
[2012-04-27T00:44:11+08:00] UCD_ERROR (10): [Error code] => 1; [File] => "D:\Program_Files\Zend\ZendServer\Apache2\htdocs\secondZend\application\models\shared\Factory.php(24)"; [Message] => "IdentityService is not mapped to a class."; [Trace] => #0 D:\Program_Files\Zend\ZendServer\Apache2\htdocs\secondZend\application\controllers\IndexController.php(15): models\shared\BaseFactory::create('IdentityService')
#1 D:\Program_Files\Zend\ZendServer\ZendServer\share\ZendFramework\library\Zend\Controller\Action.php(133): IndexController->init()
#2 D:\Program_Files\Zend\ZendServer\ZendServer\share\ZendFramework\library\Zend\Controller\Dispatcher\Standard.php(268): Zend_Controller_Action->__construct(Object(Zend_Controller_Request_Http), Object(Zend_Controller_Response_Http), Array)
#3 D:\Program_Files\Zend\ZendServer\ZendServer\share\ZendFramework\library\Zend\Controller\Front.php(954): Zend_Controller_Dispatcher_Standard->dispatch(Object(Zend_Controller_Request_Http), Object(Zend_Controller_Response_Http))
#4 D:\Program_Files\Zend\ZendServer\ZendServer\share\ZendFramework\library\Zend\Application\Bootstrap\Bootstrap.php(97): Zend_Controller_Front->dispatch()
#5 D:\Program_Files\Zend\ZendServer\ZendServer\share\ZendFramework\library\Zend\Application.php(366): Zend_Application_Bootstrap_Bootstrap->run()
#6 D:\Program_Files\Zend\ZendServer\Apache2\htdocs\secondZend\public\index.php(29): Zend_Application->run()
#7 {main}
[2012-04-27T00:44:11+08:00] UCD_FATAL (1): exception 'exceptions\UcdException' with message 'IdentityService is not mapped to a class.' in D:\Program_Files\Zend\ZendServer\Apache2\htdocs\secondZend\application\models\shared\Factory.php:24
Stack trace:
#0 D:\Program_Files\Zend\ZendServer\Apache2\htdocs\secondZend\application\controllers\IndexController.php(15): models\shared\BaseFactory::create('IdentityService')
#1 D:\Program_Files\Zend\ZendServer\ZendServer\share\ZendFramework\library\Zend\Controller\Action.php(133): IndexController->init()
#2 D:\Program_Files\Zend\ZendServer\ZendServer\share\ZendFramework\library\Zend\Controller\Dispatcher\Standard.php(268): Zend_Controller_Action->__construct(Object(Zend_Controller_Request_Http), Object(Zend_Controller_Response_Http), Array)
#3 D:\Program_Files\Zend\ZendServer\ZendServer\share\ZendFramework\library\Zend\Controller\Front.php(954): Zend_Controller_Dispatcher_Standard->dispatch(Object(Zend_Controller_Request_Http), Object(Zend_Controller_Response_Http))
#4 D:\Program_Files\Zend\ZendServer\ZendServer\share\ZendFramework\library\Zend\Application\Bootstrap\Bootstrap.php(97): Zend_Controller_Front->dispatch()
#5 D:\Program_Files\Zend\ZendServer\ZendServer\share\ZendFramework\library\Zend\Application.php(366): Zend_Application_Bootstrap_Bootstrap->run()
#6 D:\Program_Files\Zend\ZendServer\Apache2\htdocs\secondZend\public\index.php(29): Zend_Application->run()
#7 {main}
[2012-04-27T00:45:30+08:00] UCD_ERROR (10): [Error code] => 1; [File] => "D:\Program_Files\Zend\ZendServer\Apache2\htdocs\secondZend\application\models\shared\Factory.php(26)"; [Message] => "IdentityService is not mapped to a class."; [Trace] => #0 D:\Program_Files\Zend\ZendServer\Apache2\htdocs\secondZend\application\controllers\IndexController.php(15): models\shared\BaseFactory::create('IdentityService')
#1 D:\Program_Files\Zend\ZendServer\ZendServer\share\ZendFramework\library\Zend\Controller\Action.php(133): IndexController->init()
#2 D:\Program_Files\Zend\ZendServer\ZendServer\share\ZendFramework\library\Zend\Controller\Dispatcher\Standard.php(268): Zend_Controller_Action->__construct(Object(Zend_Controller_Request_Http), Object(Zend_Controller_Response_Http), Array)
#3 D:\Program_Files\Zend\ZendServer\ZendServer\share\ZendFramework\library\Zend\Controller\Front.php(954): Zend_Controller_Dispatcher_Standard->dispatch(Object(Zend_Controller_Request_Http), Object(Zend_Controller_Response_Http))
#4 D:\Program_Files\Zend\ZendServer\ZendServer\share\ZendFramework\library\Zend\Application\Bootstrap\Bootstrap.php(97): Zend_Controller_Front->dispatch()
#5 D:\Program_Files\Zend\ZendServer\ZendServer\share\ZendFramework\library\Zend\Application.php(366): Zend_Application_Bootstrap_Bootstrap->run()
#6 D:\Program_Files\Zend\ZendServer\Apache2\htdocs\secondZend\public\index.php(29): Zend_Application->run()
#7 {main}
[2012-04-27T00:45:30+08:00] UCD_FATAL (1): exception 'exceptions\UcdException' with message 'IdentityService is not mapped to a class.' in D:\Program_Files\Zend\ZendServer\Apache2\htdocs\secondZend\application\models\shared\Factory.php:26
Stack trace:
#0 D:\Program_Files\Zend\ZendServer\Apache2\htdocs\secondZend\application\controllers\IndexController.php(15): models\shared\BaseFactory::create('IdentityService')
#1 D:\Program_Files\Zend\ZendServer\ZendServer\share\ZendFramework\library\Zend\Controller\Action.php(133): IndexController->init()
#2 D:\Program_Files\Zend\ZendServer\ZendServer\share\ZendFramework\library\Zend\Controller\Dispatcher\Standard.php(268): Zend_Controller_Action->__construct(Object(Zend_Controller_Request_Http), Object(Zend_Controller_Response_Http), Array)
#3 D:\Program_Files\Zend\ZendServer\ZendServer\share\ZendFramework\library\Zend\Controller\Front.php(954): Zend_Controller_Dispatcher_Standard->dispatch(Object(Zend_Controller_Request_Http), Object(Zend_Controller_Response_Http))
#4 D:\Program_Files\Zend\ZendServer\ZendServer\share\ZendFramework\library\Zend\Application\Bootstrap\Bootstrap.php(97): Zend_Controller_Front->dispatch()
#5 D:\Program_Files\Zend\ZendServer\ZendServer\share\ZendFramework\library\Zend\Application.php(366): Zend_Application_Bootstrap_Bootstrap->run()
#6 D:\Program_Files\Zend\ZendServer\Apache2\htdocs\secondZend\public\index.php(29): Zend_Application->run()
#7 {main}
[2012-04-27T23:27:31+08:00] UCD_ERROR (10): [Error code] => 1; [File] => "D:\Program_Files\Zend\ZendServer\Apache2\htdocs\secondZend\application\models\entities\User.php(42)"; [Message] => "Wrong inputs!"; [Trace] => #0 D:\Program_Files\Zend\ZendServer\Apache2\htdocs\secondZend\application\models\shared\data\DatabaseService.php(62): models\entities\User->validate()
#1 D:\Program_Files\Zend\ZendServer\Apache2\htdocs\secondZend\application\models\shared\data\DatabaseService.php(49): models\shared\data\DatabaseService->persist(Object(models\entities\User))
#2 D:\Program_Files\Zend\ZendServer\Apache2\htdocs\secondZend\tests\auto\UserServiceTest.php(15): models\shared\data\DatabaseService->save(Object(models\entities\User))
#3 C:\Users\Eric\AppData\Local\Temp\dummy.php(1): include('D:\Program_File...')
#4 {main}
